# JRE version: Java(TM) SE Runtime Environment (8.0_281-b09) (build 1.8.0_281-b09)
# Java VM: Java HotSpot(TM) 64-Bit Server VM (25.281-b09 mixed mode windows-amd64 compressed oops)
Heap:
 PSYoungGen      total 365056K, used 24714K [0x000000076b580000, 0x0000000784100000, 0x00000007c0000000)
  eden space 342016K, 7% used [0x000000076b580000,0x000000076cda29d8,0x0000000780380000)
  from space 23040K, 0% used [0x0000000781c80000,0x0000000781c80000,0x0000000783300000)
  to   space 25600K, 0% used [0x0000000780380000,0x0000000780380000,0x0000000781c80000)
 ParOldGen       total 155136K, used 26684K [0x00000006c2000000, 0x00000006cb780000, 0x000000076b580000)
  object space 155136K, 17% used [0x00000006c2000000,0x00000006c3a0f1a8,0x00000006cb780000)
 Metaspace       used 35877K, capacity 37144K, committed 37296K, reserved 1081344K
  class space    used 4737K, capacity 5020K, committed 5040K, reserved 1048576K
GC Heap History (10 events):
Event: 2.626 GC heap before
{Heap before GC invocations=6 (full 1):
 PSYoungGen      total 140800K, used 130048K [0x000000076b580000, 0x0000000774980000, 0x00000007c0000000)
  eden space 130048K, 100% used [0x000000076b580000,0x0000000773480000,0x0000000773480000)
  from space 10752K, 0% used [0x0000000773f00000,0x0000000773f00000,0x0000000774980000)
  to   space 10752K, 0% used [0x0000000773480000,0x0000000773480000,0x0000000773f00000)
 ParOldGen       total 91648K, used 6890K [0x00000006c2000000, 0x00000006c7980000, 0x000000076b580000)
  object space 91648K, 7% used [0x00000006c2000000,0x00000006c26baa18,0x00000006c7980000)
 Metaspace       used 24700K, capacity 25568K, committed 25776K, reserved 1071104K
  class space    used 3217K, capacity 3434K, committed 3504K, reserved 1048576K
Event: 2.635 GC heap after
Heap after GC invocations=6 (full 1):
 PSYoungGen      total 140800K, used 10734K [0x000000076b580000, 0x000000077a280000, 0x00000007c0000000)
  eden space 130048K, 0% used [0x000000076b580000,0x000000076b580000,0x0000000773480000)
  from space 10752K, 99% used [0x0000000773480000,0x0000000773efba38,0x0000000773f00000)
  to   space 12800K, 0% used [0x0000000779600000,0x0000000779600000,0x000000077a280000)
 ParOldGen       total 91648K, used 9475K [0x00000006c2000000, 0x00000006c7980000, 0x000000076b580000)
  object space 91648K, 10% used [0x00000006c2000000,0x00000006c2940c00,0x00000006c7980000)
 Metaspace       used 24700K, capacity 25568K, committed 25776K, reserved 1071104K
  class space    used 3217K, capacity 3434K, committed 3504K, reserved 1048576K
}
Event: 3.129 GC heap before
{Heap before GC invocations=7 (full 1):
 PSYoungGen      total 140800K, used 140782K [0x000000076b580000, 0x000000077a280000, 0x00000007c0000000)
  eden space 130048K, 100% used [0x000000076b580000,0x0000000773480000,0x0000000773480000)
  from space 10752K, 99% used [0x0000000773480000,0x0000000773efba38,0x0000000773f00000)
  to   space 12800K, 0% used [0x0000000779600000,0x0000000779600000,0x000000077a280000)
 ParOldGen       total 91648K, used 9475K [0x00000006c2000000, 0x00000006c7980000, 0x000000076b580000)
  object space 91648K, 10% used [0x00000006c2000000,0x00000006c2940c00,0x00000006c7980000)
 Metaspace       used 27174K, capacity 28062K, committed 28464K, reserved 1073152K
  class space    used 3560K, capacity 3767K, committed 3888K, reserved 1048576K
Event: 3.140 GC heap after
Heap after GC invocations=7 (full 1):
 PSYoungGen      total 224768K, used 12772K [0x000000076b580000, 0x000000077aa80000, 0x00000007c0000000)
  eden space 211968K, 0% used [0x000000076b580000,0x000000076b580000,0x0000000778480000)
  from space 12800K, 99% used [0x0000000779600000,0x000000077a279040,0x000000077a280000)
  to   space 17920K, 0% used [0x0000000778480000,0x0000000778480000,0x0000000779600000)
 ParOldGen       total 91648K, used 15634K [0x00000006c2000000, 0x00000006c7980000, 0x000000076b580000)
  object space 91648K, 17% used [0x00000006c2000000,0x00000006c2f44968,0x00000006c7980000)
 Metaspace       used 27174K, capacity 28062K, committed 28464K, reserved 1073152K
  class space    used 3560K, capacity 3767K, committed 3888K, reserved 1048576K
}
Event: 3.903 GC heap before
{Heap before GC invocations=8 (full 1):
 PSYoungGen      total 224768K, used 224740K [0x000000076b580000, 0x000000077aa80000, 0x00000007c0000000)
  eden space 211968K, 100% used [0x000000076b580000,0x0000000778480000,0x0000000778480000)
  from space 12800K, 99% used [0x0000000779600000,0x000000077a279040,0x000000077a280000)
  to   space 17920K, 0% used [0x0000000778480000,0x0000000778480000,0x0000000779600000)
 ParOldGen       total 91648K, used 15634K [0x00000006c2000000, 0x00000006c7980000, 0x000000076b580000)
  object space 91648K, 17% used [0x00000006c2000000,0x00000006c2f44968,0x00000006c7980000)
 Metaspace       used 32464K, capacity 33538K, committed 33712K, reserved 1079296K
  class space    used 4274K, capacity 4505K, committed 4528K, reserved 1048576K
Event: 3.916 GC heap after
Heap after GC invocations=8 (full 1):
 PSYoungGen      total 229888K, used 17893K [0x000000076b580000, 0x0000000783300000, 0x00000007c0000000)
  eden space 211968K, 0% used [0x000000076b580000,0x000000076b580000,0x0000000778480000)
  from space 17920K, 99% used [0x0000000778480000,0x00000007795f9440,0x0000000779600000)
  to   space 23040K, 0% used [0x0000000781c80000,0x0000000781c80000,0x0000000783300000)
 ParOldGen       total 91648K, used 20184K [0x00000006c2000000, 0x00000006c7980000, 0x000000076b580000)
  object space 91648K, 22% used [0x00000006c2000000,0x00000006c33b62e8,0x00000006c7980000)
 Metaspace       used 32464K, capacity 33538K, committed 33712K, reserved 1079296K
  class space    used 4274K, capacity 4505K, committed 4528K, reserved 1048576K
}
Event: 4.199 GC heap before
{Heap before GC invocations=9 (full 1):
 PSYoungGen      total 229888K, used 78968K [0x000000076b580000, 0x0000000783300000, 0x00000007c0000000)
  eden space 211968K, 28% used [0x000000076b580000,0x000000076f124bc0,0x0000000778480000)
  from space 17920K, 99% used [0x0000000778480000,0x00000007795f9440,0x0000000779600000)
  to   space 23040K, 0% used [0x0000000781c80000,0x0000000781c80000,0x0000000783300000)
 ParOldGen       total 91648K, used 20184K [0x00000006c2000000, 0x00000006c7980000, 0x000000076b580000)
  object space 91648K, 22% used [0x00000006c2000000,0x00000006c33b62e8,0x00000006c7980000)
 Metaspace       used 34151K, capacity 35400K, committed 35496K, reserved 1079296K
  class space    used 4555K, capacity 4852K, committed 4912K, reserved 1048576K
Event: 4.214 GC heap after
Heap after GC invocations=9 (full 1):
 PSYoungGen      total 365056K, used 19995K [0x000000076b580000, 0x0000000784100000, 0x00000007c0000000)
  eden space 342016K, 0% used [0x000000076b580000,0x000000076b580000,0x0000000780380000)
  from space 23040K, 86% used [0x0000000781c80000,0x0000000783006fb8,0x0000000783300000)
  to   space 25600K, 0% used [0x0000000780380000,0x0000000780380000,0x0000000781c80000)
 ParOldGen       total 91648K, used 20192K [0x00000006c2000000, 0x00000006c7980000, 0x000000076b580000)
  object space 91648K, 22% used [0x00000006c2000000,0x00000006c33b82e8,0x00000006c7980000)
 Metaspace       used 34151K, capacity 35400K, committed 35496K, reserved 1079296K
  class space    used 4555K, capacity 4852K, committed 4912K, reserved 1048576K
}
Event: 4.214 GC heap before
{Heap before GC invocations=10 (full 2):
 PSYoungGen      total 365056K, used 19995K [0x000000076b580000, 0x0000000784100000, 0x00000007c0000000)
  eden space 342016K, 0% used [0x000000076b580000,0x000000076b580000,0x0000000780380000)
  from space 23040K, 86% used [0x0000000781c80000,0x0000000783006fb8,0x0000000783300000)
  to   space 25600K, 0% used [0x0000000780380000,0x0000000780380000,0x0000000781c80000)
 ParOldGen       total 91648K, used 20192K [0x00000006c2000000, 0x00000006c7980000, 0x000000076b580000)
  object space 91648K, 22% used [0x00000006c2000000,0x00000006c33b82e8,0x00000006c7980000)
 Metaspace       used 34151K, capacity 35400K, committed 35496K, reserved 1079296K
  class space    used 4555K, capacity 4852K, committed 4912K, reserved 1048576K
Event: 4.294 GC heap after
Heap after GC invocations=10 (full 2):
 PSYoungGen      total 365056K, used 0K [0x000000076b580000, 0x0000000784100000, 0x00000007c0000000)
  eden space 342016K, 0% used [0x000000076b580000,0x000000076b580000,0x0000000780380000)
  from space 23040K, 0% used [0x0000000781c80000,0x0000000781c80000,0x0000000783300000)
  to   space 25600K, 0% used [0x0000000780380000,0x0000000780380000,0x0000000781c80000)
 ParOldGen       total 155136K, used 26684K [0x00000006c2000000, 0x00000006cb780000, 0x000000076b580000)
  object space 155136K, 17% used [0x00000006c2000000,0x00000006c3a0f1a8,0x00000006cb780000)
 Metaspace       used 34151K, capacity 35400K, committed 35496K, reserved 1079296K
  class space    used 4555K, capacity 4852K, committed 4912K, reserved 1048576K
}

