# JRE version: Java(TM) SE Runtime Environment (8.0_281-b09) (build 1.8.0_281-b09)
# Java VM: Java HotSpot(TM) 64-Bit Server VM (25.281-b09 mixed mode windows-amd64 compressed oops)
Heap:
 PSYoungGen      total 365056K, used 22098K [0x000000076b580000, 0x0000000784280000, 0x00000007c0000000)
  eden space 342016K, 6% used [0x000000076b580000,0x000000076cb149f8,0x0000000780380000)
  from space 23040K, 0% used [0x0000000781c80000,0x0000000781c80000,0x0000000783300000)
  to   space 25600K, 0% used [0x0000000780380000,0x0000000780380000,0x0000000781c80000)
 ParOldGen       total 163840K, used 26456K [0x00000006c2000000, 0x00000006cc000000, 0x000000076b580000)
  object space 163840K, 16% used [0x00000006c2000000,0x00000006c39d60a0,0x00000006cc000000)
 Metaspace       used 35803K, capacity 37108K, committed 37376K, reserved 1081344K
  class space    used 4734K, capacity 5020K, committed 5120K, reserved 1048576K
GC Heap History (10 events):
Event: 3.504 GC heap before
{Heap before GC invocations=6 (full 1):
 PSYoungGen      total 140800K, used 130048K [0x000000076b580000, 0x0000000774980000, 0x00000007c0000000)
  eden space 130048K, 100% used [0x000000076b580000,0x0000000773480000,0x0000000773480000)
  from space 10752K, 0% used [0x0000000773f00000,0x0000000773f00000,0x0000000774980000)
  to   space 10752K, 0% used [0x0000000773480000,0x0000000773480000,0x0000000773f00000)
 ParOldGen       total 92160K, used 6705K [0x00000006c2000000, 0x00000006c7a00000, 0x000000076b580000)
  object space 92160K, 7% used [0x00000006c2000000,0x00000006c268c4f8,0x00000006c7a00000)
 Metaspace       used 24667K, capacity 25532K, committed 25728K, reserved 1071104K
  class space    used 3219K, capacity 3434K, committed 3456K, reserved 1048576K
Event: 3.518 GC heap after
Heap after GC invocations=6 (full 1):
 PSYoungGen      total 140800K, used 10745K [0x000000076b580000, 0x000000077a200000, 0x00000007c0000000)
  eden space 130048K, 0% used [0x000000076b580000,0x000000076b580000,0x0000000773480000)
  from space 10752K, 99% used [0x0000000773480000,0x0000000773efe700,0x0000000773f00000)
  to   space 12800K, 0% used [0x0000000779580000,0x0000000779580000,0x000000077a200000)
 ParOldGen       total 92160K, used 9336K [0x00000006c2000000, 0x00000006c7a00000, 0x000000076b580000)
  object space 92160K, 10% used [0x00000006c2000000,0x00000006c291e340,0x00000006c7a00000)
 Metaspace       used 24667K, capacity 25532K, committed 25728K, reserved 1071104K
  class space    used 3219K, capacity 3434K, committed 3456K, reserved 1048576K
}
Event: 4.343 GC heap before
{Heap before GC invocations=7 (full 1):
 PSYoungGen      total 140800K, used 140793K [0x000000076b580000, 0x000000077a200000, 0x00000007c0000000)
  eden space 130048K, 100% used [0x000000076b580000,0x0000000773480000,0x0000000773480000)
  from space 10752K, 99% used [0x0000000773480000,0x0000000773efe700,0x0000000773f00000)
  to   space 12800K, 0% used [0x0000000779580000,0x0000000779580000,0x000000077a200000)
 ParOldGen       total 92160K, used 9336K [0x00000006c2000000, 0x00000006c7a00000, 0x000000076b580000)
  object space 92160K, 10% used [0x00000006c2000000,0x00000006c291e340,0x00000006c7a00000)
 Metaspace       used 27128K, capacity 28058K, committed 28160K, reserved 1073152K
  class space    used 3565K, capacity 3799K, committed 3840K, reserved 1048576K
Event: 4.361 GC heap after
Heap after GC invocations=7 (full 1):
 PSYoungGen      total 224256K, used 12788K [0x000000076b580000, 0x000000077aa80000, 0x00000007c0000000)
  eden space 211456K, 0% used [0x000000076b580000,0x000000076b580000,0x0000000778400000)
  from space 12800K, 99% used [0x0000000779580000,0x000000077a1fd030,0x000000077a200000)
  to   space 17920K, 0% used [0x0000000778400000,0x0000000778400000,0x0000000779580000)
 ParOldGen       total 92160K, used 15204K [0x00000006c2000000, 0x00000006c7a00000, 0x000000076b580000)
  object space 92160K, 16% used [0x00000006c2000000,0x00000006c2ed9338,0x00000006c7a00000)
 Metaspace       used 27128K, capacity 28058K, committed 28160K, reserved 1073152K
  class space    used 3565K, capacity 3799K, committed 3840K, reserved 1048576K
}
Event: 5.463 GC heap before
{Heap before GC invocations=8 (full 1):
 PSYoungGen      total 224256K, used 224244K [0x000000076b580000, 0x000000077aa80000, 0x00000007c0000000)
  eden space 211456K, 100% used [0x000000076b580000,0x0000000778400000,0x0000000778400000)
  from space 12800K, 99% used [0x0000000779580000,0x000000077a1fd030,0x000000077a200000)
  to   space 17920K, 0% used [0x0000000778400000,0x0000000778400000,0x0000000779580000)
 ParOldGen       total 92160K, used 15204K [0x00000006c2000000, 0x00000006c7a00000, 0x000000076b580000)
  object space 92160K, 16% used [0x00000006c2000000,0x00000006c2ed9338,0x00000006c7a00000)
 Metaspace       used 32399K, capacity 33438K, committed 33792K, reserved 1079296K
  class space    used 4271K, capacity 4505K, committed 4608K, reserved 1048576K
Event: 5.483 GC heap after
Heap after GC invocations=8 (full 1):
 PSYoungGen      total 229376K, used 17902K [0x000000076b580000, 0x0000000783300000, 0x00000007c0000000)
  eden space 211456K, 0% used [0x000000076b580000,0x000000076b580000,0x0000000778400000)
  from space 17920K, 99% used [0x0000000778400000,0x000000077957b8f0,0x0000000779580000)
  to   space 23040K, 0% used [0x0000000781c80000,0x0000000781c80000,0x0000000783300000)
 ParOldGen       total 92160K, used 19554K [0x00000006c2000000, 0x00000006c7a00000, 0x000000076b580000)
  object space 92160K, 21% used [0x00000006c2000000,0x00000006c3318b30,0x00000006c7a00000)
 Metaspace       used 32399K, capacity 33438K, committed 33792K, reserved 1079296K
  class space    used 4271K, capacity 4505K, committed 4608K, reserved 1048576K
}
Event: 5.879 GC heap before
{Heap before GC invocations=9 (full 1):
 PSYoungGen      total 229376K, used 75592K [0x000000076b580000, 0x0000000783300000, 0x00000007c0000000)
  eden space 211456K, 27% used [0x000000076b580000,0x000000076edd6820,0x0000000778400000)
  from space 17920K, 99% used [0x0000000778400000,0x000000077957b8f0,0x0000000779580000)
  to   space 23040K, 0% used [0x0000000781c80000,0x0000000781c80000,0x0000000783300000)
 ParOldGen       total 92160K, used 19554K [0x00000006c2000000, 0x00000006c7a00000, 0x000000076b580000)
  object space 92160K, 21% used [0x00000006c2000000,0x00000006c3318b30,0x00000006c7a00000)
 Metaspace       used 34123K, capacity 35428K, committed 35496K, reserved 1079296K
  class space    used 4556K, capacity 4852K, committed 4864K, reserved 1048576K
Event: 5.899 GC heap after
Heap after GC invocations=9 (full 1):
 PSYoungGen      total 365056K, used 19997K [0x000000076b580000, 0x0000000784280000, 0x00000007c0000000)
  eden space 342016K, 0% used [0x000000076b580000,0x000000076b580000,0x0000000780380000)
  from space 23040K, 86% used [0x0000000781c80000,0x0000000783007728,0x0000000783300000)
  to   space 25600K, 0% used [0x0000000780380000,0x0000000780380000,0x0000000781c80000)
 ParOldGen       total 92160K, used 19562K [0x00000006c2000000, 0x00000006c7a00000, 0x000000076b580000)
  object space 92160K, 21% used [0x00000006c2000000,0x00000006c331ab30,0x00000006c7a00000)
 Metaspace       used 34123K, capacity 35428K, committed 35496K, reserved 1079296K
  class space    used 4556K, capacity 4852K, committed 4864K, reserved 1048576K
}
Event: 5.899 GC heap before
{Heap before GC invocations=10 (full 2):
 PSYoungGen      total 365056K, used 19997K [0x000000076b580000, 0x0000000784280000, 0x00000007c0000000)
  eden space 342016K, 0% used [0x000000076b580000,0x000000076b580000,0x0000000780380000)
  from space 23040K, 86% used [0x0000000781c80000,0x0000000783007728,0x0000000783300000)
  to   space 25600K, 0% used [0x0000000780380000,0x0000000780380000,0x0000000781c80000)
 ParOldGen       total 92160K, used 19562K [0x00000006c2000000, 0x00000006c7a00000, 0x000000076b580000)
  object space 92160K, 21% used [0x00000006c2000000,0x00000006c331ab30,0x00000006c7a00000)
 Metaspace       used 34123K, capacity 35428K, committed 35496K, reserved 1079296K
  class space    used 4556K, capacity 4852K, committed 4864K, reserved 1048576K
Event: 6.100 GC heap after
Heap after GC invocations=10 (full 2):
 PSYoungGen      total 365056K, used 0K [0x000000076b580000, 0x0000000784280000, 0x00000007c0000000)
  eden space 342016K, 0% used [0x000000076b580000,0x000000076b580000,0x0000000780380000)
  from space 23040K, 0% used [0x0000000781c80000,0x0000000781c80000,0x0000000783300000)
  to   space 25600K, 0% used [0x0000000780380000,0x0000000780380000,0x0000000781c80000)
 ParOldGen       total 163840K, used 26456K [0x00000006c2000000, 0x00000006cc000000, 0x000000076b580000)
  object space 163840K, 16% used [0x00000006c2000000,0x00000006c39d60a0,0x00000006cc000000)
 Metaspace       used 34123K, capacity 35428K, committed 35496K, reserved 1079296K
  class space    used 4556K, capacity 4852K, committed 4864K, reserved 1048576K
}

