# JRE version: Java(TM) SE Runtime Environment (8.0_281-b09) (build 1.8.0_281-b09)
# Java VM: Java HotSpot(TM) 64-Bit Server VM (25.281-b09 mixed mode windows-amd64 compressed oops)
Heap:
 PSYoungGen      total 350720K, used 19083K [0x000000076b580000, 0x0000000783300000, 0x00000007c0000000)
  eden space 327680K, 5% used [0x000000076b580000,0x000000076c822d18,0x000000077f580000)
  from space 23040K, 0% used [0x0000000780e00000,0x0000000780e00000,0x0000000782480000)
  to   space 25088K, 0% used [0x000000077f580000,0x000000077f580000,0x0000000780e00000)
 ParOldGen       total 159232K, used 26574K [0x00000006c2000000, 0x00000006cbb80000, 0x000000076b580000)
  object space 159232K, 16% used [0x00000006c2000000,0x00000006c39f39a8,0x00000006cbb80000)
 Metaspace       used 35768K, capacity 37016K, committed 37376K, reserved 1081344K
  class space    used 4734K, capacity 5020K, committed 5120K, reserved 1048576K
GC Heap History (10 events):
Event: 3.760 GC heap before
{Heap before GC invocations=6 (full 1):
 PSYoungGen      total 140800K, used 130048K [0x000000076b580000, 0x0000000774980000, 0x00000007c0000000)
  eden space 130048K, 100% used [0x000000076b580000,0x0000000773480000,0x0000000773480000)
  from space 10752K, 0% used [0x0000000773f00000,0x0000000773f00000,0x0000000774980000)
  to   space 10752K, 0% used [0x0000000773480000,0x0000000773480000,0x0000000773f00000)
 ParOldGen       total 93696K, used 6879K [0x00000006c2000000, 0x00000006c7b80000, 0x000000076b580000)
  object space 93696K, 7% used [0x00000006c2000000,0x00000006c26b7d10,0x00000006c7b80000)
 Metaspace       used 24630K, capacity 25504K, committed 25728K, reserved 1071104K
  class space    used 3219K, capacity 3434K, committed 3456K, reserved 1048576K
Event: 3.773 GC heap after
Heap after GC invocations=6 (full 1):
 PSYoungGen      total 140800K, used 10742K [0x000000076b580000, 0x0000000779e80000, 0x00000007c0000000)
  eden space 130048K, 0% used [0x000000076b580000,0x000000076b580000,0x0000000773480000)
  from space 10752K, 99% used [0x0000000773480000,0x0000000773efd8c8,0x0000000773f00000)
  to   space 12800K, 0% used [0x0000000779200000,0x0000000779200000,0x0000000779e80000)
 ParOldGen       total 93696K, used 9494K [0x00000006c2000000, 0x00000006c7b80000, 0x000000076b580000)
  object space 93696K, 10% used [0x00000006c2000000,0x00000006c2945aa8,0x00000006c7b80000)
 Metaspace       used 24630K, capacity 25504K, committed 25728K, reserved 1071104K
  class space    used 3219K, capacity 3434K, committed 3456K, reserved 1048576K
}
Event: 4.670 GC heap before
{Heap before GC invocations=7 (full 1):
 PSYoungGen      total 140800K, used 140790K [0x000000076b580000, 0x0000000779e80000, 0x00000007c0000000)
  eden space 130048K, 100% used [0x000000076b580000,0x0000000773480000,0x0000000773480000)
  from space 10752K, 99% used [0x0000000773480000,0x0000000773efd8c8,0x0000000773f00000)
  to   space 12800K, 0% used [0x0000000779200000,0x0000000779200000,0x0000000779e80000)
 ParOldGen       total 93696K, used 9494K [0x00000006c2000000, 0x00000006c7b80000, 0x000000076b580000)
  object space 93696K, 10% used [0x00000006c2000000,0x00000006c2945aa8,0x00000006c7b80000)
 Metaspace       used 27101K, capacity 27966K, committed 28160K, reserved 1073152K
  class space    used 3567K, capacity 3799K, committed 3840K, reserved 1048576K
Event: 4.688 GC heap after
Heap after GC invocations=7 (full 1):
 PSYoungGen      total 220672K, used 12768K [0x000000076b580000, 0x000000077a580000, 0x00000007c0000000)
  eden space 207872K, 0% used [0x000000076b580000,0x000000076b580000,0x0000000778080000)
  from space 12800K, 99% used [0x0000000779200000,0x0000000779e78020,0x0000000779e80000)
  to   space 17920K, 0% used [0x0000000778080000,0x0000000778080000,0x0000000779200000)
 ParOldGen       total 93696K, used 15323K [0x00000006c2000000, 0x00000006c7b80000, 0x000000076b580000)
  object space 93696K, 16% used [0x00000006c2000000,0x00000006c2ef6c98,0x00000006c7b80000)
 Metaspace       used 27101K, capacity 27966K, committed 28160K, reserved 1073152K
  class space    used 3567K, capacity 3799K, committed 3840K, reserved 1048576K
}
Event: 5.941 GC heap before
{Heap before GC invocations=8 (full 1):
 PSYoungGen      total 220672K, used 220640K [0x000000076b580000, 0x000000077a580000, 0x00000007c0000000)
  eden space 207872K, 100% used [0x000000076b580000,0x0000000778080000,0x0000000778080000)
  from space 12800K, 99% used [0x0000000779200000,0x0000000779e78020,0x0000000779e80000)
  to   space 17920K, 0% used [0x0000000778080000,0x0000000778080000,0x0000000779200000)
 ParOldGen       total 93696K, used 15323K [0x00000006c2000000, 0x00000006c7b80000, 0x000000076b580000)
  object space 93696K, 16% used [0x00000006c2000000,0x00000006c2ef6c98,0x00000006c7b80000)
 Metaspace       used 32331K, capacity 33346K, committed 33536K, reserved 1079296K
  class space    used 4268K, capacity 4505K, committed 4608K, reserved 1048576K
Event: 5.963 GC heap after
Heap after GC invocations=8 (full 1):
 PSYoungGen      total 225792K, used 17910K [0x000000076b580000, 0x0000000782480000, 0x00000007c0000000)
  eden space 207872K, 0% used [0x000000076b580000,0x000000076b580000,0x0000000778080000)
  from space 17920K, 99% used [0x0000000778080000,0x00000007791fdae8,0x0000000779200000)
  to   space 23040K, 0% used [0x0000000780e00000,0x0000000780e00000,0x0000000782480000)
 ParOldGen       total 93696K, used 19590K [0x00000006c2000000, 0x00000006c7b80000, 0x000000076b580000)
  object space 93696K, 20% used [0x00000006c2000000,0x00000006c3321b30,0x00000006c7b80000)
 Metaspace       used 32331K, capacity 33346K, committed 33536K, reserved 1079296K
  class space    used 4268K, capacity 4505K, committed 4608K, reserved 1048576K
}
Event: 6.391 GC heap before
{Heap before GC invocations=9 (full 1):
 PSYoungGen      total 225792K, used 81178K [0x000000076b580000, 0x0000000782480000, 0x00000007c0000000)
  eden space 207872K, 30% used [0x000000076b580000,0x000000076f349020,0x0000000778080000)
  from space 17920K, 99% used [0x0000000778080000,0x00000007791fdae8,0x0000000779200000)
  to   space 23040K, 0% used [0x0000000780e00000,0x0000000780e00000,0x0000000782480000)
 ParOldGen       total 93696K, used 19590K [0x00000006c2000000, 0x00000006c7b80000, 0x000000076b580000)
  object space 93696K, 20% used [0x00000006c2000000,0x00000006c3321b30,0x00000006c7b80000)
 Metaspace       used 34179K, capacity 35464K, committed 35496K, reserved 1079296K
  class space    used 4559K, capacity 4852K, committed 4864K, reserved 1048576K
Event: 6.414 GC heap after
Heap after GC invocations=9 (full 1):
 PSYoungGen      total 350720K, used 20090K [0x000000076b580000, 0x0000000783300000, 0x00000007c0000000)
  eden space 327680K, 0% used [0x000000076b580000,0x000000076b580000,0x000000077f580000)
  from space 23040K, 87% used [0x0000000780e00000,0x000000078219eb98,0x0000000782480000)
  to   space 25088K, 0% used [0x000000077f580000,0x000000077f580000,0x0000000780e00000)
 ParOldGen       total 93696K, used 19598K [0x00000006c2000000, 0x00000006c7b80000, 0x000000076b580000)
  object space 93696K, 20% used [0x00000006c2000000,0x00000006c3323b30,0x00000006c7b80000)
 Metaspace       used 34179K, capacity 35464K, committed 35496K, reserved 1079296K
  class space    used 4559K, capacity 4852K, committed 4864K, reserved 1048576K
}
Event: 6.414 GC heap before
{Heap before GC invocations=10 (full 2):
 PSYoungGen      total 350720K, used 20090K [0x000000076b580000, 0x0000000783300000, 0x00000007c0000000)
  eden space 327680K, 0% used [0x000000076b580000,0x000000076b580000,0x000000077f580000)
  from space 23040K, 87% used [0x0000000780e00000,0x000000078219eb98,0x0000000782480000)
  to   space 25088K, 0% used [0x000000077f580000,0x000000077f580000,0x0000000780e00000)
 ParOldGen       total 93696K, used 19598K [0x00000006c2000000, 0x00000006c7b80000, 0x000000076b580000)
  object space 93696K, 20% used [0x00000006c2000000,0x00000006c3323b30,0x00000006c7b80000)
 Metaspace       used 34179K, capacity 35464K, committed 35496K, reserved 1079296K
  class space    used 4559K, capacity 4852K, committed 4864K, reserved 1048576K
Event: 6.551 GC heap after
Heap after GC invocations=10 (full 2):
 PSYoungGen      total 350720K, used 0K [0x000000076b580000, 0x0000000783300000, 0x00000007c0000000)
  eden space 327680K, 0% used [0x000000076b580000,0x000000076b580000,0x000000077f580000)
  from space 23040K, 0% used [0x0000000780e00000,0x0000000780e00000,0x0000000782480000)
  to   space 25088K, 0% used [0x000000077f580000,0x000000077f580000,0x0000000780e00000)
 ParOldGen       total 159232K, used 26574K [0x00000006c2000000, 0x00000006cbb80000, 0x000000076b580000)
  object space 159232K, 16% used [0x00000006c2000000,0x00000006c39f39a8,0x00000006cbb80000)
 Metaspace       used 34179K, capacity 35464K, committed 35496K, reserved 1079296K
  class space    used 4559K, capacity 4852K, committed 4864K, reserved 1048576K
}

