# JRE version: Java(TM) SE Runtime Environment (8.0_281-b09) (build 1.8.0_281-b09)
# Java VM: Java HotSpot(TM) 64-Bit Server VM (25.281-b09 mixed mode windows-amd64 compressed oops)
Heap:
 PSYoungGen      total 393216K, used 24048K [0x000000076b580000, 0x0000000785900000, 0x00000007c0000000)
  eden space 370176K, 6% used [0x000000076b580000,0x000000076ccfc2a8,0x0000000781f00000)
  from space 23040K, 0% used [0x0000000783800000,0x0000000783800000,0x0000000784e80000)
  to   space 25600K, 0% used [0x0000000781f00000,0x0000000781f00000,0x0000000783800000)
 ParOldGen       total 145408K, used 26627K [0x00000006c2000000, 0x00000006cae00000, 0x000000076b580000)
  object space 145408K, 18% used [0x00000006c2000000,0x00000006c3a00fa8,0x00000006cae00000)
 Metaspace       used 35821K, capacity 37096K, committed 37296K, reserved 1081344K
  class space    used 4738K, capacity 5020K, committed 5040K, reserved 1048576K
GC Heap History (10 events):
Event: 2.930 GC heap before
{Heap before GC invocations=6 (full 1):
 PSYoungGen      total 140800K, used 130048K [0x000000076b580000, 0x0000000774980000, 0x00000007c0000000)
  eden space 130048K, 100% used [0x000000076b580000,0x0000000773480000,0x0000000773480000)
  from space 10752K, 0% used [0x0000000773f00000,0x0000000773f00000,0x0000000774980000)
  to   space 10752K, 0% used [0x0000000773480000,0x0000000773480000,0x0000000773f00000)
 ParOldGen       total 87552K, used 6707K [0x00000006c2000000, 0x00000006c7580000, 0x000000076b580000)
  object space 87552K, 7% used [0x00000006c2000000,0x00000006c268cd80,0x00000006c7580000)
 Metaspace       used 24655K, capacity 25520K, committed 25776K, reserved 1071104K
  class space    used 3213K, capacity 3434K, committed 3504K, reserved 1048576K
Event: 2.941 GC heap after
Heap after GC invocations=6 (full 1):
 PSYoungGen      total 140800K, used 10742K [0x000000076b580000, 0x000000077ab00000, 0x00000007c0000000)
  eden space 130048K, 0% used [0x000000076b580000,0x000000076b580000,0x0000000773480000)
  from space 10752K, 99% used [0x0000000773480000,0x0000000773efd9d8,0x0000000773f00000)
  to   space 12800K, 0% used [0x0000000779e80000,0x0000000779e80000,0x000000077ab00000)
 ParOldGen       total 87552K, used 9138K [0x00000006c2000000, 0x00000006c7580000, 0x000000076b580000)
  object space 87552K, 10% used [0x00000006c2000000,0x00000006c28ecb10,0x00000006c7580000)
 Metaspace       used 24655K, capacity 25520K, committed 25776K, reserved 1071104K
  class space    used 3213K, capacity 3434K, committed 3504K, reserved 1048576K
}
Event: 3.439 GC heap before
{Heap before GC invocations=7 (full 1):
 PSYoungGen      total 140800K, used 140790K [0x000000076b580000, 0x000000077ab00000, 0x00000007c0000000)
  eden space 130048K, 100% used [0x000000076b580000,0x0000000773480000,0x0000000773480000)
  from space 10752K, 99% used [0x0000000773480000,0x0000000773efd9d8,0x0000000773f00000)
  to   space 12800K, 0% used [0x0000000779e80000,0x0000000779e80000,0x000000077ab00000)
 ParOldGen       total 87552K, used 9138K [0x00000006c2000000, 0x00000006c7580000, 0x000000076b580000)
  object space 87552K, 10% used [0x00000006c2000000,0x00000006c28ecb10,0x00000006c7580000)
 Metaspace       used 27112K, capacity 28014K, committed 28208K, reserved 1073152K
  class space    used 3558K, capacity 3767K, committed 3888K, reserved 1048576K
Event: 3.452 GC heap after
Heap after GC invocations=7 (full 1):
 PSYoungGen      total 233472K, used 12772K [0x000000076b580000, 0x000000077b300000, 0x00000007c0000000)
  eden space 220672K, 0% used [0x000000076b580000,0x000000076b580000,0x0000000778d00000)
  from space 12800K, 99% used [0x0000000779e80000,0x000000077aaf9040,0x000000077ab00000)
  to   space 17920K, 0% used [0x0000000778d00000,0x0000000778d00000,0x0000000779e80000)
 ParOldGen       total 87552K, used 15322K [0x00000006c2000000, 0x00000006c7580000, 0x000000076b580000)
  object space 87552K, 17% used [0x00000006c2000000,0x00000006c2ef6bf0,0x00000006c7580000)
 Metaspace       used 27112K, capacity 28014K, committed 28208K, reserved 1073152K
  class space    used 3558K, capacity 3767K, committed 3888K, reserved 1048576K
}
Event: 4.282 GC heap before
{Heap before GC invocations=8 (full 1):
 PSYoungGen      total 233472K, used 233444K [0x000000076b580000, 0x000000077b300000, 0x00000007c0000000)
  eden space 220672K, 100% used [0x000000076b580000,0x0000000778d00000,0x0000000778d00000)
  from space 12800K, 99% used [0x0000000779e80000,0x000000077aaf9040,0x000000077ab00000)
  to   space 17920K, 0% used [0x0000000778d00000,0x0000000778d00000,0x0000000779e80000)
 ParOldGen       total 87552K, used 15322K [0x00000006c2000000, 0x00000006c7580000, 0x000000076b580000)
  object space 87552K, 17% used [0x00000006c2000000,0x00000006c2ef6bf0,0x00000006c7580000)
 Metaspace       used 32554K, capacity 33630K, committed 33840K, reserved 1079296K
  class space    used 4296K, capacity 4547K, committed 4656K, reserved 1048576K
Event: 4.295 GC heap after
Heap after GC invocations=8 (full 1):
 PSYoungGen      total 238592K, used 17893K [0x000000076b580000, 0x0000000784e80000, 0x00000007c0000000)
  eden space 220672K, 0% used [0x000000076b580000,0x000000076b580000,0x0000000778d00000)
  from space 17920K, 99% used [0x0000000778d00000,0x0000000779e79440,0x0000000779e80000)
  to   space 23040K, 0% used [0x0000000783800000,0x0000000783800000,0x0000000784e80000)
 ParOldGen       total 87552K, used 20077K [0x00000006c2000000, 0x00000006c7580000, 0x000000076b580000)
  object space 87552K, 22% used [0x00000006c2000000,0x00000006c339b488,0x00000006c7580000)
 Metaspace       used 32554K, capacity 33630K, committed 33840K, reserved 1079296K
  class space    used 4296K, capacity 4547K, committed 4656K, reserved 1048576K
}
Event: 4.569 GC heap before
{Heap before GC invocations=9 (full 1):
 PSYoungGen      total 238592K, used 70991K [0x000000076b580000, 0x0000000784e80000, 0x00000007c0000000)
  eden space 220672K, 24% used [0x000000076b580000,0x000000076e95a7c0,0x0000000778d00000)
  from space 17920K, 99% used [0x0000000778d00000,0x0000000779e79440,0x0000000779e80000)
  to   space 23040K, 0% used [0x0000000783800000,0x0000000783800000,0x0000000784e80000)
 ParOldGen       total 87552K, used 20077K [0x00000006c2000000, 0x00000006c7580000, 0x000000076b580000)
  object space 87552K, 22% used [0x00000006c2000000,0x00000006c339b488,0x00000006c7580000)
 Metaspace       used 34185K, capacity 35416K, committed 35496K, reserved 1079296K
  class space    used 4562K, capacity 4852K, committed 4912K, reserved 1048576K
Event: 4.581 GC heap after
Heap after GC invocations=9 (full 1):
 PSYoungGen      total 393216K, used 19991K [0x000000076b580000, 0x0000000785900000, 0x00000007c0000000)
  eden space 370176K, 0% used [0x000000076b580000,0x000000076b580000,0x0000000781f00000)
  from space 23040K, 86% used [0x0000000783800000,0x0000000784b85f98,0x0000000784e80000)
  to   space 25600K, 0% used [0x0000000781f00000,0x0000000781f00000,0x0000000783800000)
 ParOldGen       total 87552K, used 20085K [0x00000006c2000000, 0x00000006c7580000, 0x000000076b580000)
  object space 87552K, 22% used [0x00000006c2000000,0x00000006c339d488,0x00000006c7580000)
 Metaspace       used 34185K, capacity 35416K, committed 35496K, reserved 1079296K
  class space    used 4562K, capacity 4852K, committed 4912K, reserved 1048576K
}
Event: 4.581 GC heap before
{Heap before GC invocations=10 (full 2):
 PSYoungGen      total 393216K, used 19991K [0x000000076b580000, 0x0000000785900000, 0x00000007c0000000)
  eden space 370176K, 0% used [0x000000076b580000,0x000000076b580000,0x0000000781f00000)
  from space 23040K, 86% used [0x0000000783800000,0x0000000784b85f98,0x0000000784e80000)
  to   space 25600K, 0% used [0x0000000781f00000,0x0000000781f00000,0x0000000783800000)
 ParOldGen       total 87552K, used 20085K [0x00000006c2000000, 0x00000006c7580000, 0x000000076b580000)
  object space 87552K, 22% used [0x00000006c2000000,0x00000006c339d488,0x00000006c7580000)
 Metaspace       used 34185K, capacity 35416K, committed 35496K, reserved 1079296K
  class space    used 4562K, capacity 4852K, committed 4912K, reserved 1048576K
Event: 4.654 GC heap after
Heap after GC invocations=10 (full 2):
 PSYoungGen      total 393216K, used 0K [0x000000076b580000, 0x0000000785900000, 0x00000007c0000000)
  eden space 370176K, 0% used [0x000000076b580000,0x000000076b580000,0x0000000781f00000)
  from space 23040K, 0% used [0x0000000783800000,0x0000000783800000,0x0000000784e80000)
  to   space 25600K, 0% used [0x0000000781f00000,0x0000000781f00000,0x0000000783800000)
 ParOldGen       total 145408K, used 26627K [0x00000006c2000000, 0x00000006cae00000, 0x000000076b580000)
  object space 145408K, 18% used [0x00000006c2000000,0x00000006c3a00fa8,0x00000006cae00000)
 Metaspace       used 34185K, capacity 35416K, committed 35496K, reserved 1079296K
  class space    used 4562K, capacity 4852K, committed 4912K, reserved 1048576K
}

