# JRE version: Java(TM) SE Runtime Environment (8.0_281-b09) (build 1.8.0_281-b09)
# Java VM: Java HotSpot(TM) 64-Bit Server VM (25.281-b09 mixed mode windows-amd64 compressed oops)
Heap:
 PSYoungGen      total 365056K, used 22228K [0x000000076b580000, 0x0000000783d00000, 0x00000007c0000000)
  eden space 342016K, 6% used [0x000000076b580000,0x000000076cb35308,0x0000000780380000)
  from space 23040K, 0% used [0x0000000781c00000,0x0000000781c00000,0x0000000783280000)
  to   space 25088K, 0% used [0x0000000780380000,0x0000000780380000,0x0000000781c00000)
 ParOldGen       total 158720K, used 26552K [0x00000006c2000000, 0x00000006cbb00000, 0x000000076b580000)
  object space 158720K, 16% used [0x00000006c2000000,0x00000006c39ee198,0x00000006cbb00000)
 Metaspace       used 35800K, capacity 37084K, committed 37376K, reserved 1081344K
  class space    used 4732K, capacity 5020K, committed 5120K, reserved 1048576K
GC Heap History (10 events):
Event: 3.521 GC heap before
{Heap before GC invocations=6 (full 1):
 PSYoungGen      total 140800K, used 130048K [0x000000076b580000, 0x0000000774980000, 0x00000007c0000000)
  eden space 130048K, 100% used [0x000000076b580000,0x0000000773480000,0x0000000773480000)
  from space 10752K, 0% used [0x0000000773f00000,0x0000000773f00000,0x0000000774980000)
  to   space 10752K, 0% used [0x0000000773480000,0x0000000773480000,0x0000000773f00000)
 ParOldGen       total 92160K, used 6755K [0x00000006c2000000, 0x00000006c7a00000, 0x000000076b580000)
  object space 92160K, 7% used [0x00000006c2000000,0x00000006c2698e50,0x00000006c7a00000)
 Metaspace       used 24671K, capacity 25508K, committed 25728K, reserved 1071104K
  class space    used 3215K, capacity 3434K, committed 3456K, reserved 1048576K
Event: 3.535 GC heap after
Heap after GC invocations=6 (full 1):
 PSYoungGen      total 140800K, used 10726K [0x000000076b580000, 0x000000077a180000, 0x00000007c0000000)
  eden space 130048K, 0% used [0x000000076b580000,0x000000076b580000,0x0000000773480000)
  from space 10752K, 99% used [0x0000000773480000,0x0000000773ef9a60,0x0000000773f00000)
  to   space 12800K, 0% used [0x0000000779500000,0x0000000779500000,0x000000077a180000)
 ParOldGen       total 92160K, used 9347K [0x00000006c2000000, 0x00000006c7a00000, 0x000000076b580000)
  object space 92160K, 10% used [0x00000006c2000000,0x00000006c2920c90,0x00000006c7a00000)
 Metaspace       used 24671K, capacity 25508K, committed 25728K, reserved 1071104K
  class space    used 3215K, capacity 3434K, committed 3456K, reserved 1048576K
}
Event: 4.386 GC heap before
{Heap before GC invocations=7 (full 1):
 PSYoungGen      total 140800K, used 140774K [0x000000076b580000, 0x000000077a180000, 0x00000007c0000000)
  eden space 130048K, 100% used [0x000000076b580000,0x0000000773480000,0x0000000773480000)
  from space 10752K, 99% used [0x0000000773480000,0x0000000773ef9a60,0x0000000773f00000)
  to   space 12800K, 0% used [0x0000000779500000,0x0000000779500000,0x000000077a180000)
 ParOldGen       total 92160K, used 9347K [0x00000006c2000000, 0x00000006c7a00000, 0x000000076b580000)
  object space 92160K, 10% used [0x00000006c2000000,0x00000006c2920c90,0x00000006c7a00000)
 Metaspace       used 27132K, capacity 28002K, committed 28160K, reserved 1073152K
  class space    used 3562K, capacity 3767K, committed 3840K, reserved 1048576K
Event: 4.405 GC heap after
Heap after GC invocations=7 (full 1):
 PSYoungGen      total 223744K, used 12788K [0x000000076b580000, 0x000000077a900000, 0x00000007c0000000)
  eden space 210944K, 0% used [0x000000076b580000,0x000000076b580000,0x0000000778380000)
  from space 12800K, 99% used [0x0000000779500000,0x000000077a17d030,0x000000077a180000)
  to   space 17920K, 0% used [0x0000000778380000,0x0000000778380000,0x0000000779500000)
 ParOldGen       total 92160K, used 15209K [0x00000006c2000000, 0x00000006c7a00000, 0x000000076b580000)
  object space 92160K, 16% used [0x00000006c2000000,0x00000006c2eda450,0x00000006c7a00000)
 Metaspace       used 27132K, capacity 28002K, committed 28160K, reserved 1073152K
  class space    used 3562K, capacity 3767K, committed 3840K, reserved 1048576K
}
Event: 5.516 GC heap before
{Heap before GC invocations=8 (full 1):
 PSYoungGen      total 223744K, used 223732K [0x000000076b580000, 0x000000077a900000, 0x00000007c0000000)
  eden space 210944K, 100% used [0x000000076b580000,0x0000000778380000,0x0000000778380000)
  from space 12800K, 99% used [0x0000000779500000,0x000000077a17d030,0x000000077a180000)
  to   space 17920K, 0% used [0x0000000778380000,0x0000000778380000,0x0000000779500000)
 ParOldGen       total 92160K, used 15209K [0x00000006c2000000, 0x00000006c7a00000, 0x000000076b580000)
  object space 92160K, 16% used [0x00000006c2000000,0x00000006c2eda450,0x00000006c7a00000)
 Metaspace       used 32384K, capacity 33414K, committed 33792K, reserved 1079296K
  class space    used 4269K, capacity 4505K, committed 4608K, reserved 1048576K
Event: 5.542 GC heap after
Heap after GC invocations=8 (full 1):
 PSYoungGen      total 228864K, used 17902K [0x000000076b580000, 0x0000000783280000, 0x00000007c0000000)
  eden space 210944K, 0% used [0x000000076b580000,0x000000076b580000,0x0000000778380000)
  from space 17920K, 99% used [0x0000000778380000,0x00000007794fb8f0,0x0000000779500000)
  to   space 23040K, 0% used [0x0000000781c00000,0x0000000781c00000,0x0000000783280000)
 ParOldGen       total 92160K, used 19538K [0x00000006c2000000, 0x00000006c7a00000, 0x000000076b580000)
  object space 92160K, 21% used [0x00000006c2000000,0x00000006c3314b98,0x00000006c7a00000)
 Metaspace       used 32384K, capacity 33414K, committed 33792K, reserved 1079296K
  class space    used 4269K, capacity 4505K, committed 4608K, reserved 1048576K
}
Event: 5.949 GC heap before
{Heap before GC invocations=9 (full 1):
 PSYoungGen      total 228864K, used 78725K [0x000000076b580000, 0x0000000783280000, 0x00000007c0000000)
  eden space 210944K, 28% used [0x000000076b580000,0x000000076f0e5ee0,0x0000000778380000)
  from space 17920K, 99% used [0x0000000778380000,0x00000007794fb8f0,0x0000000779500000)
  to   space 23040K, 0% used [0x0000000781c00000,0x0000000781c00000,0x0000000783280000)
 ParOldGen       total 92160K, used 19538K [0x00000006c2000000, 0x00000006c7a00000, 0x000000076b580000)
  object space 92160K, 21% used [0x00000006c2000000,0x00000006c3314b98,0x00000006c7a00000)
 Metaspace       used 34189K, capacity 35468K, committed 35496K, reserved 1079296K
  class space    used 4557K, capacity 4852K, committed 4864K, reserved 1048576K
Event: 5.968 GC heap after
Heap after GC invocations=9 (full 1):
 PSYoungGen      total 365056K, used 20087K [0x000000076b580000, 0x0000000783d00000, 0x00000007c0000000)
  eden space 342016K, 0% used [0x000000076b580000,0x000000076b580000,0x0000000780380000)
  from space 23040K, 87% used [0x0000000781c00000,0x0000000782f9dee0,0x0000000783280000)
  to   space 25088K, 0% used [0x0000000780380000,0x0000000780380000,0x0000000781c00000)
 ParOldGen       total 92160K, used 19546K [0x00000006c2000000, 0x00000006c7a00000, 0x000000076b580000)
  object space 92160K, 21% used [0x00000006c2000000,0x00000006c3316b98,0x00000006c7a00000)
 Metaspace       used 34189K, capacity 35468K, committed 35496K, reserved 1079296K
  class space    used 4557K, capacity 4852K, committed 4864K, reserved 1048576K
}
Event: 5.968 GC heap before
{Heap before GC invocations=10 (full 2):
 PSYoungGen      total 365056K, used 20087K [0x000000076b580000, 0x0000000783d00000, 0x00000007c0000000)
  eden space 342016K, 0% used [0x000000076b580000,0x000000076b580000,0x0000000780380000)
  from space 23040K, 87% used [0x0000000781c00000,0x0000000782f9dee0,0x0000000783280000)
  to   space 25088K, 0% used [0x0000000780380000,0x0000000780380000,0x0000000781c00000)
 ParOldGen       total 92160K, used 19546K [0x00000006c2000000, 0x00000006c7a00000, 0x000000076b580000)
  object space 92160K, 21% used [0x00000006c2000000,0x00000006c3316b98,0x00000006c7a00000)
 Metaspace       used 34189K, capacity 35468K, committed 35496K, reserved 1079296K
  class space    used 4557K, capacity 4852K, committed 4864K, reserved 1048576K
Event: 6.115 GC heap after
Heap after GC invocations=10 (full 2):
 PSYoungGen      total 365056K, used 0K [0x000000076b580000, 0x0000000783d00000, 0x00000007c0000000)
  eden space 342016K, 0% used [0x000000076b580000,0x000000076b580000,0x0000000780380000)
  from space 23040K, 0% used [0x0000000781c00000,0x0000000781c00000,0x0000000783280000)
  to   space 25088K, 0% used [0x0000000780380000,0x0000000780380000,0x0000000781c00000)
 ParOldGen       total 158720K, used 26552K [0x00000006c2000000, 0x00000006cbb00000, 0x000000076b580000)
  object space 158720K, 16% used [0x00000006c2000000,0x00000006c39ee198,0x00000006cbb00000)
 Metaspace       used 34189K, capacity 35468K, committed 35496K, reserved 1079296K
  class space    used 4557K, capacity 4852K, committed 4864K, reserved 1048576K
}

