# JRE version: Java(TM) SE Runtime Environment (8.0_281-b09) (build 1.8.0_281-b09)
# Java VM: Java HotSpot(TM) 64-Bit Server VM (25.281-b09 mixed mode windows-amd64 compressed oops)
Heap:
 PSYoungGen      total 253952K, used 20450K [0x000000076b580000, 0x000000077c400000, 0x00000007c0000000)
  eden space 235520K, 8% used [0x000000076b580000,0x000000076c978b80,0x0000000779b80000)
  from space 18432K, 0% used [0x000000077ad80000,0x000000077ad80000,0x000000077bf80000)
  to   space 18432K, 0% used [0x0000000779b80000,0x0000000779b80000,0x000000077ad80000)
 ParOldGen       total 164352K, used 26069K [0x00000006c2000000, 0x00000006cc080000, 0x000000076b580000)
  object space 164352K, 15% used [0x00000006c2000000,0x00000006c3975558,0x00000006cc080000)
 Metaspace       used 35857K, capacity 37092K, committed 37296K, reserved 1081344K
  class space    used 4741K, capacity 5020K, committed 5040K, reserved 1048576K
GC Heap History (10 events):
Event: 4.520 GC heap before
{Heap before GC invocations=8 (full 1):
 PSYoungGen      total 112640K, used 112626K [0x000000076b580000, 0x0000000773280000, 0x00000007c0000000)
  eden space 103936K, 100% used [0x000000076b580000,0x0000000771b00000,0x0000000771b00000)
  from space 8704K, 99% used [0x0000000772500000,0x0000000772d7cbe0,0x0000000772d80000)
  to   space 10240K, 0% used [0x0000000771b00000,0x0000000771b00000,0x0000000772500000)
 ParOldGen       total 94720K, used 7769K [0x00000006c2000000, 0x00000006c7c80000, 0x000000076b580000)
  object space 94720K, 8% used [0x00000006c2000000,0x00000006c2796648,0x00000006c7c80000)
 Metaspace       used 25434K, capacity 26372K, committed 26672K, reserved 1073152K
  class space    used 3328K, capacity 3542K, committed 3632K, reserved 1048576K
Event: 4.532 GC heap after
Heap after GC invocations=8 (full 1):
 PSYoungGen      total 114176K, used 10240K [0x000000076b580000, 0x0000000777b00000, 0x00000007c0000000)
  eden space 103936K, 0% used [0x000000076b580000,0x000000076b580000,0x0000000771b00000)
  from space 10240K, 100% used [0x0000000771b00000,0x0000000772500000,0x0000000772500000)
  to   space 14848K, 0% used [0x0000000776c80000,0x0000000776c80000,0x0000000777b00000)
 ParOldGen       total 94720K, used 14844K [0x00000006c2000000, 0x00000006c7c80000, 0x000000076b580000)
  object space 94720K, 15% used [0x00000006c2000000,0x00000006c2e7f200,0x00000006c7c80000)
 Metaspace       used 25434K, capacity 26372K, committed 26672K, reserved 1073152K
  class space    used 3328K, capacity 3542K, committed 3632K, reserved 1048576K
}
Event: 5.195 GC heap before
{Heap before GC invocations=9 (full 1):
 PSYoungGen      total 114176K, used 114176K [0x000000076b580000, 0x0000000777b00000, 0x00000007c0000000)
  eden space 103936K, 100% used [0x000000076b580000,0x0000000771b00000,0x0000000771b00000)
  from space 10240K, 100% used [0x0000000771b00000,0x0000000772500000,0x0000000772500000)
  to   space 14848K, 0% used [0x0000000776c80000,0x0000000776c80000,0x0000000777b00000)
 ParOldGen       total 94720K, used 14844K [0x00000006c2000000, 0x00000006c7c80000, 0x000000076b580000)
  object space 94720K, 15% used [0x00000006c2000000,0x00000006c2e7f200,0x00000006c7c80000)
 Metaspace       used 29080K, capacity 30100K, committed 30256K, reserved 1075200K
  class space    used 3834K, capacity 4062K, committed 4144K, reserved 1048576K
Event: 5.205 GC heap after
Heap after GC invocations=9 (full 1):
 PSYoungGen      total 184832K, used 14828K [0x000000076b580000, 0x0000000777f80000, 0x00000007c0000000)
  eden space 169984K, 0% used [0x000000076b580000,0x000000076b580000,0x0000000775b80000)
  from space 14848K, 99% used [0x0000000776c80000,0x0000000777afb2f0,0x0000000777b00000)
  to   space 17408K, 0% used [0x0000000775b80000,0x0000000775b80000,0x0000000776c80000)
 ParOldGen       total 94720K, used 15974K [0x00000006c2000000, 0x00000006c7c80000, 0x000000076b580000)
  object space 94720K, 16% used [0x00000006c2000000,0x00000006c2f999e0,0x00000006c7c80000)
 Metaspace       used 29080K, capacity 30100K, committed 30256K, reserved 1075200K
  class space    used 3834K, capacity 4062K, committed 4144K, reserved 1048576K
}
Event: 6.114 GC heap before
{Heap before GC invocations=10 (full 1):
 PSYoungGen      total 184832K, used 184812K [0x000000076b580000, 0x0000000777f80000, 0x00000007c0000000)
  eden space 169984K, 100% used [0x000000076b580000,0x0000000775b80000,0x0000000775b80000)
  from space 14848K, 99% used [0x0000000776c80000,0x0000000777afb2f0,0x0000000777b00000)
  to   space 17408K, 0% used [0x0000000775b80000,0x0000000775b80000,0x0000000776c80000)
 ParOldGen       total 94720K, used 15974K [0x00000006c2000000, 0x00000006c7c80000, 0x000000076b580000)
  object space 94720K, 16% used [0x00000006c2000000,0x00000006c2f999e0,0x00000006c7c80000)
 Metaspace       used 33027K, capacity 34136K, committed 34352K, reserved 1079296K
  class space    used 4402K, capacity 4650K, committed 4656K, reserved 1048576K
Event: 6.126 GC heap after
Heap after GC invocations=10 (full 1):
 PSYoungGen      total 187392K, used 14093K [0x000000076b580000, 0x000000077bf80000, 0x00000007c0000000)
  eden space 169984K, 0% used [0x000000076b580000,0x000000076b580000,0x0000000775b80000)
  from space 17408K, 80% used [0x0000000775b80000,0x0000000776943470,0x0000000776c80000)
  to   space 18432K, 0% used [0x000000077ad80000,0x000000077ad80000,0x000000077bf80000)
 ParOldGen       total 94720K, used 21601K [0x00000006c2000000, 0x00000006c7c80000, 0x000000076b580000)
  object space 94720K, 22% used [0x00000006c2000000,0x00000006c3518780,0x00000006c7c80000)
 Metaspace       used 33027K, capacity 34136K, committed 34352K, reserved 1079296K
  class space    used 4402K, capacity 4650K, committed 4656K, reserved 1048576K
}
Event: 6.332 GC heap before
{Heap before GC invocations=11 (full 1):
 PSYoungGen      total 187392K, used 39989K [0x000000076b580000, 0x000000077bf80000, 0x00000007c0000000)
  eden space 169984K, 15% used [0x000000076b580000,0x000000076ceca2e8,0x0000000775b80000)
  from space 17408K, 80% used [0x0000000775b80000,0x0000000776943470,0x0000000776c80000)
  to   space 18432K, 0% used [0x000000077ad80000,0x000000077ad80000,0x000000077bf80000)
 ParOldGen       total 94720K, used 21601K [0x00000006c2000000, 0x00000006c7c80000, 0x000000076b580000)
  object space 94720K, 22% used [0x00000006c2000000,0x00000006c3518780,0x00000006c7c80000)
 Metaspace       used 34143K, capacity 35412K, committed 35496K, reserved 1079296K
  class space    used 4559K, capacity 4852K, committed 4912K, reserved 1048576K
Event: 6.338 GC heap after
Heap after GC invocations=11 (full 1):
 PSYoungGen      total 253952K, used 5783K [0x000000076b580000, 0x000000077c400000, 0x00000007c0000000)
  eden space 235520K, 0% used [0x000000076b580000,0x000000076b580000,0x0000000779b80000)
  from space 18432K, 31% used [0x000000077ad80000,0x000000077b325f78,0x000000077bf80000)
  to   space 18432K, 0% used [0x0000000779b80000,0x0000000779b80000,0x000000077ad80000)
 ParOldGen       total 94720K, used 28028K [0x00000006c2000000, 0x00000006c7c80000, 0x000000076b580000)
  object space 94720K, 29% used [0x00000006c2000000,0x00000006c3b5f380,0x00000006c7c80000)
 Metaspace       used 34143K, capacity 35412K, committed 35496K, reserved 1079296K
  class space    used 4559K, capacity 4852K, committed 4912K, reserved 1048576K
}
Event: 6.338 GC heap before
{Heap before GC invocations=12 (full 2):
 PSYoungGen      total 253952K, used 5783K [0x000000076b580000, 0x000000077c400000, 0x00000007c0000000)
  eden space 235520K, 0% used [0x000000076b580000,0x000000076b580000,0x0000000779b80000)
  from space 18432K, 31% used [0x000000077ad80000,0x000000077b325f78,0x000000077bf80000)
  to   space 18432K, 0% used [0x0000000779b80000,0x0000000779b80000,0x000000077ad80000)
 ParOldGen       total 94720K, used 28028K [0x00000006c2000000, 0x00000006c7c80000, 0x000000076b580000)
  object space 94720K, 29% used [0x00000006c2000000,0x00000006c3b5f380,0x00000006c7c80000)
 Metaspace       used 34143K, capacity 35412K, committed 35496K, reserved 1079296K
  class space    used 4559K, capacity 4852K, committed 4912K, reserved 1048576K
Event: 6.437 GC heap after
Heap after GC invocations=12 (full 2):
 PSYoungGen      total 253952K, used 0K [0x000000076b580000, 0x000000077c400000, 0x00000007c0000000)
  eden space 235520K, 0% used [0x000000076b580000,0x000000076b580000,0x0000000779b80000)
  from space 18432K, 0% used [0x000000077ad80000,0x000000077ad80000,0x000000077bf80000)
  to   space 18432K, 0% used [0x0000000779b80000,0x0000000779b80000,0x000000077ad80000)
 ParOldGen       total 164352K, used 26069K [0x00000006c2000000, 0x00000006cc080000, 0x000000076b580000)
  object space 164352K, 15% used [0x00000006c2000000,0x00000006c3975558,0x00000006cc080000)
 Metaspace       used 34143K, capacity 35412K, committed 35496K, reserved 1079296K
  class space    used 4559K, capacity 4852K, committed 4912K, reserved 1048576K
}

